# JRE version: OpenJDK Runtime Environment Temurin-17.0.5+8 (17.0.5+8) (build 17.0.5+8)
# Java VM: OpenJDK 64-Bit Server VM Temurin-17.0.5+8 (17.0.5+8, mixed mode, tiered, compressed oops, compressed class ptrs, g1 gc, windows-amd64)
GC Precious Log:
 CPUs: 4 total, 4 available
 Memory: 7566M
 Large Page Support: Disabled
 NUMA Support: Disabled
 Compressed Oops: Enabled (32-bit)
 Heap Region Size: 1M
 Heap Min Capacity: 8M
 Heap Initial Capacity: 120M
 Heap Max Capacity: 1892M
 Pre-touch: Disabled
 Parallel Workers: 4
 Concurrent Workers: 1
 Concurrent Refinement Workers: 4
 Periodic GC: Disabled
Heap:
 garbage-first heap   total 53248K, used 40509K [0x0000000089c00000, 0x0000000100000000)
  region size 1024K, 13 young (13312K), 2 survivors (2048K)
 Metaspace       used 67043K, committed 67520K, reserved 1114112K
  class space    used 9004K, committed 9216K, reserved 1048576K
GC Heap History (20 events):
Event: 12.466 GC heap before
{Heap before GC invocations=18 (full 0):
 garbage-first heap   total 46080K, used 35763K [0x0000000089c00000, 0x0000000100000000)
  region size 1024K, 16 young (16384K), 2 survivors (2048K)
 Metaspace       used 47869K, committed 48320K, reserved 1097728K
  class space    used 6087K, committed 6336K, reserved 1048576K
}
Event: 12.475 GC heap after
{Heap after GC invocations=19 (full 0):
 garbage-first heap   total 46080K, used 22647K [0x0000000089c00000, 0x0000000100000000)
  region size 1024K, 2 young (2048K), 2 survivors (2048K)
 Metaspace       used 47869K, committed 48320K, reserved 1097728K
  class space    used 6087K, committed 6336K, reserved 1048576K
}
Event: 13.324 GC heap before
{Heap before GC invocations=19 (full 0):
 garbage-first heap   total 46080K, used 34935K [0x0000000089c00000, 0x0000000100000000)
  region size 1024K, 15 young (15360K), 2 survivors (2048K)
 Metaspace       used 50988K, committed 51456K, reserved 1097728K
  class space    used 6523K, committed 6784K, reserved 1048576K
}
Event: 13.330 GC heap after
{Heap after GC invocations=20 (full 0):
 garbage-first heap   total 46080K, used 24005K [0x0000000089c00000, 0x0000000100000000)
  region size 1024K, 2 young (2048K), 2 survivors (2048K)
 Metaspace       used 50988K, committed 51456K, reserved 1097728K
  class space    used 6523K, committed 6784K, reserved 1048576K
}
Event: 13.754 GC heap before
{Heap before GC invocations=21 (full 0):
 garbage-first heap   total 46080K, used 34245K [0x0000000089c00000, 0x0000000100000000)
  region size 1024K, 13 young (13312K), 2 survivors (2048K)
 Metaspace       used 53675K, committed 54144K, reserved 1097728K
  class space    used 6992K, committed 7232K, reserved 1048576K
}
Event: 13.757 GC heap after
{Heap after GC invocations=22 (full 0):
 garbage-first heap   total 46080K, used 24770K [0x0000000089c00000, 0x0000000100000000)
  region size 1024K, 1 young (1024K), 1 survivors (1024K)
 Metaspace       used 53675K, committed 54144K, reserved 1097728K
  class space    used 6992K, committed 7232K, reserved 1048576K
}
Event: 14.275 GC heap before
{Heap before GC invocations=22 (full 0):
 garbage-first heap   total 46080K, used 37058K [0x0000000089c00000, 0x0000000100000000)
  region size 1024K, 13 young (13312K), 1 survivors (1024K)
 Metaspace       used 56636K, committed 57152K, reserved 1105920K
  class space    used 7499K, committed 7744K, reserved 1048576K
}
Event: 14.279 GC heap after
{Heap after GC invocations=23 (full 0):
 garbage-first heap   total 46080K, used 24947K [0x0000000089c00000, 0x0000000100000000)
  region size 1024K, 1 young (1024K), 1 survivors (1024K)
 Metaspace       used 56636K, committed 57152K, reserved 1105920K
  class space    used 7499K, committed 7744K, reserved 1048576K
}
Event: 15.105 GC heap before
{Heap before GC invocations=24 (full 0):
 garbage-first heap   total 46080K, used 36211K [0x0000000089c00000, 0x0000000100000000)
  region size 1024K, 13 young (13312K), 1 survivors (1024K)
 Metaspace       used 59185K, committed 59648K, reserved 1105920K
  class space    used 7883K, committed 8128K, reserved 1048576K
}
Event: 15.109 GC heap after
{Heap after GC invocations=25 (full 0):
 garbage-first heap   total 46080K, used 25773K [0x0000000089c00000, 0x0000000100000000)
  region size 1024K, 2 young (2048K), 2 survivors (2048K)
 Metaspace       used 59185K, committed 59648K, reserved 1105920K
  class space    used 7883K, committed 8128K, reserved 1048576K
}
Event: 15.900 GC heap before
{Heap before GC invocations=25 (full 0):
 garbage-first heap   total 46080K, used 37037K [0x0000000089c00000, 0x0000000100000000)
  region size 1024K, 13 young (13312K), 2 survivors (2048K)
 Metaspace       used 61541K, committed 62080K, reserved 1105920K
  class space    used 8185K, committed 8448K, reserved 1048576K
}
Event: 15.906 GC heap after
{Heap after GC invocations=26 (full 0):
 garbage-first heap   total 46080K, used 26671K [0x0000000089c00000, 0x0000000100000000)
  region size 1024K, 2 young (2048K), 2 survivors (2048K)
 Metaspace       used 61541K, committed 62080K, reserved 1105920K
  class space    used 8185K, committed 8448K, reserved 1048576K
}
Event: 16.366 GC heap before
{Heap before GC invocations=27 (full 0):
 garbage-first heap   total 48128K, used 36911K [0x0000000089c00000, 0x0000000100000000)
  region size 1024K, 12 young (12288K), 2 survivors (2048K)
 Metaspace       used 61755K, committed 62208K, reserved 1105920K
  class space    used 8223K, committed 8448K, reserved 1048576K
}
Event: 16.373 GC heap after
{Heap after GC invocations=28 (full 0):
 garbage-first heap   total 48128K, used 27024K [0x0000000089c00000, 0x0000000100000000)
  region size 1024K, 2 young (2048K), 2 survivors (2048K)
 Metaspace       used 61755K, committed 62208K, reserved 1105920K
  class space    used 8223K, committed 8448K, reserved 1048576K
}
Event: 16.861 GC heap before
{Heap before GC invocations=28 (full 0):
 garbage-first heap   total 48128K, used 38288K [0x0000000089c00000, 0x0000000100000000)
  region size 1024K, 13 young (13312K), 2 survivors (2048K)
 Metaspace       used 62603K, committed 63104K, reserved 1105920K
  class space    used 8349K, committed 8576K, reserved 1048576K
}
Event: 16.867 GC heap after
{Heap after GC invocations=29 (full 0):
 garbage-first heap   total 48128K, used 28082K [0x0000000089c00000, 0x0000000100000000)
  region size 1024K, 2 young (2048K), 2 survivors (2048K)
 Metaspace       used 62603K, committed 63104K, reserved 1105920K
  class space    used 8349K, committed 8576K, reserved 1048576K
}
Event: 17.577 GC heap before
{Heap before GC invocations=30 (full 0):
 garbage-first heap   total 51200K, used 39346K [0x0000000089c00000, 0x0000000100000000)
  region size 1024K, 13 young (13312K), 2 survivors (2048K)
 Metaspace       used 64024K, committed 64512K, reserved 1105920K
  class space    used 8544K, committed 8768K, reserved 1048576K
}
Event: 17.583 GC heap after
{Heap after GC invocations=31 (full 0):
 garbage-first heap   total 51200K, used 29023K [0x0000000089c00000, 0x0000000100000000)
  region size 1024K, 2 young (2048K), 2 survivors (2048K)
 Metaspace       used 64024K, committed 64512K, reserved 1105920K
  class space    used 8544K, committed 8768K, reserved 1048576K
}
Event: 18.258 GC heap before
{Heap before GC invocations=31 (full 0):
 garbage-first heap   total 51200K, used 42335K [0x0000000089c00000, 0x0000000100000000)
  region size 1024K, 15 young (15360K), 2 survivors (2048K)
 Metaspace       used 65328K, committed 65792K, reserved 1105920K
  class space    used 8740K, committed 8960K, reserved 1048576K
}
Event: 18.267 GC heap after
{Heap after GC invocations=32 (full 0):
 garbage-first heap   total 51200K, used 30269K [0x0000000089c00000, 0x0000000100000000)
  region size 1024K, 2 young (2048K), 2 survivors (2048K)
 Metaspace       used 65328K, committed 65792K, reserved 1105920K
  class space    used 8740K, committed 8960K, reserved 1048576K
}

